IP Generator (Version 2022.1 build 99559)
Check out license ...
Start generating at 2023-04-24 22:35
Instance: DFIFO32 (C:\Users\Administrator\Desktop\PGL50G\ddr3_ctrl\ipcore\DFIFO32\DFIFO32.idf)
IP: Distributed FIFO (1.2)
Part: Logos-PGL50H-FBG484--6
Create directory 'rtl' ...
Copy 'rtl\ipm_distributed_fifo_ctr_v1_0.v' to 'rtl' ...
Copy 'rtl\ipm_distributed_fifo_v1_2.v.xml' to 'rtl' ...
Copy 'rtl\ipm_distributed_sdpram_v1_2.v.xml' to 'rtl' ...
Compile file 'rtl\ipm_distributed_fifo_v1_2.v.xml' to 'rtl\ipm_distributed_fifo_v1_2_DFIFO32.v' ...
Compile file 'rtl\ipm_distributed_sdpram_v1_2.v.xml' to 'rtl\ipm_distributed_sdpram_v1_2_DFIFO32.v' ...
Copy 'ipm_distributed_fifo_wrapper_v1_2.v.xml' ...
Copy 'ipm_distributed_fifo_wrapper_v1_2_tb.v.xml' ...
Compile file 'ipm_distributed_fifo_wrapper_v1_2.v.xml' to 'DFIFO32.v' ...
Found top module 'DFIFO32' in file 'DFIFO32.v'.
Compile file 'ipm_distributed_fifo_wrapper_v1_2_tb.v.xml' to 'DFIFO32_tb.v' ...
Create template file 'DFIFO32_tmpl.v' ...
Create template file 'DFIFO32_tmpl.vhdl' ...
There are 4 source files to synthesize.
Synthesis is disabled.
Done: 0 error(s), 0 warning(s)
