IP Generator (Version 2022.1 build 99559)
Check out license ...
Start generating at 2023-05-08 20:19
Instance: fifo24_256_zoom_hdmi (C:\Users\uestclib\Desktop\video_loop_V2\source\ZOOM\fifo24_256_zoom_hdmi\fifo24_256_zoom_hdmi.idf)
IP: DRM Based FIFO (1.6)
Part: Logos-PGL50H-FBG484--6
Create directory 'rtl' ...
Copy 'rtl\ipml_fifo_ctrl_v1_3.v' to 'rtl' ...
Copy 'rtl\ipml_fifo_v1_6.v.xml' to 'rtl' ...
Copy 'rtl\ipml_prefetch_fifo_v1_6.v.xml' to 'rtl' ...
Copy 'rtl\ipml_reg_fifo_v1_0.v' to 'rtl' ...
Copy 'rtl\ipml_sdpram_v1_6.v.xml' to 'rtl' ...
Compile file 'rtl\ipml_sdpram_v1_6.v.xml' to 'rtl\ipml_sdpram_v1_6_fifo24_256_zoom_hdmi.v' ...
Compile file 'rtl\ipml_fifo_v1_6.v.xml' to 'rtl\ipml_fifo_v1_6_fifo24_256_zoom_hdmi.v' ...
Compile file 'rtl\ipml_prefetch_fifo_v1_6.v.xml' to 'rtl\ipml_prefetch_fifo_v1_6_fifo24_256_zoom_hdmi.v' ...
Copy 'ipml_fifo_wrapper_v1_6.v.xml' ...
Compile file 'ipml_fifo_wrapper_v1_6.v.xml' to 'fifo24_256_zoom_hdmi.v' ...
Found top module 'fifo24_256_zoom_hdmi' in file 'fifo24_256_zoom_hdmi.v'.
Copy 'ipml_prefetch_fifo_wrapper_v1_6.v.xml' ...
Compile file 'ipml_prefetch_fifo_wrapper_v1_6.v.xml' to 'fifo24_256_zoom_hdmi_prefetch.v' ...
Copy 'ipml_fifo_wrapper_v1_3_tb.v.xml' ...
Compile file 'ipml_fifo_wrapper_v1_3_tb.v.xml' to 'fifo24_256_zoom_hdmi_tb.v' ...
Create template file 'fifo24_256_zoom_hdmi_tmpl.v' ...
Create template file 'fifo24_256_zoom_hdmi_tmpl.vhdl' ...
There are 4 source files to synthesize.
Synthesis is disabled.
Done: 0 error(s), 0 warning(s)
