IP Generator (Version 2022.1 build 99559)
Check out license ...
Start generating at 2023-05-05 12:38
Instance: matrix_ram24_zoom_hdmi (E:\FPGA\Pango\PGL50H\zoom_hdmi\ipcore\matrix_ram24_zoom_hdmi\matrix_ram24_zoom_hdmi.idf)
IP: DRM Based Single Port RAM (1.5)
Part: Logos-PGL50H-FBG484--6
Create directory 'rtl' ...
Copy 'rtl\ipml_spram_v1_5.v.xml' to 'rtl' ...
Compile file 'rtl\ipml_spram_v1_5.v.xml' to 'rtl\ipml_spram_v1_5_matrix_ram24_zoom_hdmi.v' ...
Copy 'ipml_spram_wrapper_v1_5.v.xml' ...
Compile file 'ipml_spram_wrapper_v1_5.v.xml' to 'matrix_ram24_zoom_hdmi.v' ...
Found top module 'matrix_ram24_zoom_hdmi' in file 'matrix_ram24_zoom_hdmi.v'.
Copy 'ipml_spram_wrapper_v1_3_tb.v.xml' ...
Compile file 'ipml_spram_wrapper_v1_3_tb.v.xml' to 'matrix_ram24_zoom_hdmi_tb.v' ...
Copy 'init_param_bin_exmp.dat' ...
Copy 'init_param_hex_exmp.dat' ...
Run file 'createParam.tcl' ...
Create template file 'matrix_ram24_zoom_hdmi_tmpl.v' ...
Create template file 'matrix_ram24_zoom_hdmi_tmpl.vhdl' ...
There are 2 source files to synthesize.
Synthesis is disabled.
Done: 0 error(s), 0 warning(s)
