IP Generator (Version 2022.1 build 99559)
Check out license ...
Start generating at 2023-04-30 17:13
Instance: matrix_ram16 (C:\Users\HP-PC\Desktop\share\zoom_vga\ipcore\matrix_ram16\matrix_ram16.idf)
IP: DRM Based Single Port RAM (1.5)
Part: Logos-PGL50H-FBG484--6
Create directory 'rtl' ...
Copy 'rtl\ipml_spram_v1_5.v.xml' to 'rtl' ...
Compile file 'rtl\ipml_spram_v1_5.v.xml' to 'rtl\ipml_spram_v1_5_matrix_ram16.v' ...
Copy 'ipml_spram_wrapper_v1_5.v.xml' ...
Compile file 'ipml_spram_wrapper_v1_5.v.xml' to 'matrix_ram16.v' ...
Found top module 'matrix_ram16' in file 'matrix_ram16.v'.
Copy 'ipml_spram_wrapper_v1_3_tb.v.xml' ...
Compile file 'ipml_spram_wrapper_v1_3_tb.v.xml' to 'matrix_ram16_tb.v' ...
Copy 'init_param_bin_exmp.dat' ...
Copy 'init_param_hex_exmp.dat' ...
Run file 'createParam.tcl' ...
Create template file 'matrix_ram16_tmpl.v' ...
Create template file 'matrix_ram16_tmpl.vhdl' ...
There are 2 source files to synthesize.
Synthesis is disabled.
Done: 0 error(s), 0 warning(s)
