IP Generator (Version 2022.1 build 99559)
Check out license ...
Start generating at 2023-05-08 20:20
Instance: DFIFO240_16_zoom_hdmi (C:\Users\uestclib\Desktop\video_loop_V2\source\ZOOM\DFIFO240_16_zoom_hdmi\DFIFO240_16_zoom_hdmi.idf)
IP: Distributed FIFO (1.2)
Part: Logos-PGL50H-FBG484--6
Create directory 'rtl' ...
Copy 'rtl\ipm_distributed_fifo_ctr_v1_0.v' to 'rtl' ...
Copy 'rtl\ipm_distributed_fifo_v1_2.v.xml' to 'rtl' ...
Copy 'rtl\ipm_distributed_sdpram_v1_2.v.xml' to 'rtl' ...
Compile file 'rtl\ipm_distributed_fifo_v1_2.v.xml' to 'rtl\ipm_distributed_fifo_v1_2_DFIFO240_16_zoom_hdmi.v' ...
Compile file 'rtl\ipm_distributed_sdpram_v1_2.v.xml' to 'rtl\ipm_distributed_sdpram_v1_2_DFIFO240_16_zoom_hdmi.v' ...
Copy 'ipm_distributed_fifo_wrapper_v1_2.v.xml' ...
Copy 'ipm_distributed_fifo_wrapper_v1_2_tb.v.xml' ...
Compile file 'ipm_distributed_fifo_wrapper_v1_2.v.xml' to 'DFIFO240_16_zoom_hdmi.v' ...
Found top module 'DFIFO240_16_zoom_hdmi' in file 'DFIFO240_16_zoom_hdmi.v'.
Compile file 'ipm_distributed_fifo_wrapper_v1_2_tb.v.xml' to 'DFIFO240_16_zoom_hdmi_tb.v' ...
Create template file 'DFIFO240_16_zoom_hdmi_tmpl.v' ...
Create template file 'DFIFO240_16_zoom_hdmi_tmpl.vhdl' ...
There are 4 source files to synthesize.
Synthesis is disabled.
Done: 0 error(s), 0 warning(s)
